d:\dev\symphony\bin-int\debug\symphony\vc142.pdb
d:\dev\symphony\bin-int\debug\symphony\vc142.idb
d:\dev\symphony\bin-int\debug\symphony\vkdescriptorpool.obj
d:\dev\symphony\bin-int\debug\symphony\vkcommandpool.obj
d:\dev\symphony\bin-int\debug\symphony\vkcommandbuffer.obj
d:\dev\symphony\bin-int\debug\symphony\vkrendersurface.obj
d:\dev\symphony\bin-int\debug\symphony\glvertexbuffer.obj
d:\dev\symphony\bin-int\debug\symphony\glshader.obj
d:\dev\symphony\bin-int\debug\symphony\glrendersurface.obj
d:\dev\symphony\bin-int\debug\symphony\glindexbuffer.obj
d:\dev\symphony\bin-int\debug\symphony\dx11swapchain.obj
d:\dev\symphony\bin-int\debug\symphony\dx11rendersurface.obj
d:\dev\symphony\bin-int\debug\symphony\dx11rendercontext.obj
d:\dev\symphony\bin-int\debug\symphony\renderer.obj
d:\dev\symphony\bin-int\debug\symphony\rendersurface.obj
d:\dev\symphony\bin-int\debug\symphony\randomengine.obj
d:\dev\symphony\bin-int\debug\symphony\plugin.obj
d:\dev\symphony\bin-int\debug\symphony\filesystem.obj
d:\dev\symphony\bin-int\debug\symphony\dllmain.obj
d:\dev\symphony\bin-int\debug\symphony\imgui_impl_vulkan.obj
d:\dev\symphony\bin-int\debug\symphony\imgui_impl_sdl.obj
d:\dev\symphony\bin-int\debug\symphony\window.obj
d:\dev\symphony\bin-int\debug\symphony\vkvertexbuffer.obj
d:\dev\symphony\bin-int\debug\symphony\vkuniformbuffer.obj
d:\dev\symphony\bin-int\debug\symphony\vkswapchain.obj
d:\dev\symphony\bin-int\debug\symphony\vksurface.obj
d:\dev\symphony\bin-int\debug\symphony\vkshader.obj
d:\dev\symphony\bin-int\debug\symphony\vkrenderer.obj
d:\dev\symphony\bin-int\debug\symphony\vkrenderpass.obj
d:\dev\symphony\bin-int\debug\symphony\vkqueue.obj
d:\dev\symphony\bin-int\debug\symphony\vkphysicaldevice.obj
d:\dev\symphony\bin-int\debug\symphony\vkinstance.obj
d:\dev\symphony\bin-int\debug\symphony\vkindexbuffer.obj
d:\dev\symphony\bin-int\debug\symphony\vkgraphicspipeline.obj
d:\dev\symphony\bin-int\debug\symphony\vkdevice.obj
d:\dev\symphony\bin-int\debug\symphony\vkdescriptorsetlayout.obj
d:\dev\symphony\bin-int\debug\symphony\vkdescriptorset.obj
d:\dev\symphony\bin-int\debug\symphony\glrenderer.obj
d:\dev\symphony\bin-int\debug\symphony\symphony.tlog\cl.command.1.tlog
d:\dev\symphony\bin-int\debug\symphony\symphony.tlog\cl.read.1.tlog
d:\dev\symphony\bin-int\debug\symphony\symphony.tlog\cl.write.1.tlog
d:\dev\symphony\bin-int\debug\symphony\symphony.tlog\link-cvtres.read.1.tlog
d:\dev\symphony\bin-int\debug\symphony\symphony.tlog\link-cvtres.write.1.tlog
d:\dev\symphony\bin-int\debug\symphony\symphony.tlog\link-rc.read.1.tlog
d:\dev\symphony\bin-int\debug\symphony\symphony.tlog\link-rc.write.1.tlog
d:\dev\symphony\bin-int\debug\symphony\symphony.tlog\link.12892-cvtres.read.1.tlog
d:\dev\symphony\bin-int\debug\symphony\symphony.tlog\link.12892-cvtres.write.1.tlog
d:\dev\symphony\bin-int\debug\symphony\symphony.tlog\link.12892-rc.read.1.tlog
d:\dev\symphony\bin-int\debug\symphony\symphony.tlog\link.12892-rc.write.1.tlog
d:\dev\symphony\bin-int\debug\symphony\symphony.tlog\link.12892.delete.1.tlog
d:\dev\symphony\bin-int\debug\symphony\symphony.tlog\link.12892.read.1.tlog
d:\dev\symphony\bin-int\debug\symphony\symphony.tlog\link.12892.write.1.tlog
d:\dev\symphony\bin-int\debug\symphony\symphony.tlog\link.command.1.tlog
d:\dev\symphony\bin-int\debug\symphony\symphony.tlog\link.delete.1.tlog
d:\dev\symphony\bin-int\debug\symphony\symphony.tlog\link.read.1.tlog
d:\dev\symphony\bin-int\debug\symphony\symphony.tlog\link.write.1.tlog
